[2026-05-31T04:34:21.744+0000] {manager.py:483} INFO - Processing files using up to 2 processes at a time 
[2026-05-31T04:34:21.745+0000] {manager.py:484} INFO - Process each file at most once every 30 seconds
[2026-05-31T04:34:21.745+0000] {manager.py:485} INFO - Checking for new files in /opt/airflow/dags every 300 seconds
[2026-05-31T04:34:21.746+0000] {manager.py:821} INFO - Searching for files in /opt/airflow/dags
[2026-05-31T04:34:21.749+0000] {manager.py:824} INFO - There are 0 files in /opt/airflow/dags
[2026-05-31T04:36:54.730+0000] {manager.py:465} INFO - Exiting gracefully upon receiving signal 15
[2026-05-31T04:37:28.203+0000] {manager.py:483} INFO - Processing files using up to 2 processes at a time 
[2026-05-31T04:37:28.203+0000] {manager.py:484} INFO - Process each file at most once every 30 seconds
[2026-05-31T04:37:28.204+0000] {manager.py:485} INFO - Checking for new files in /opt/airflow/dags every 300 seconds
[2026-05-31T04:37:28.204+0000] {manager.py:821} INFO - Searching for files in /opt/airflow/dags
[2026-05-31T04:37:28.206+0000] {manager.py:824} INFO - There are 0 files in /opt/airflow/dags
[2026-05-31T04:42:28.240+0000] {manager.py:821} INFO - Searching for files in /opt/airflow/dags
[2026-05-31T04:42:28.243+0000] {manager.py:824} INFO - There are 0 files in /opt/airflow/dags
[2026-05-31T04:47:29.225+0000] {manager.py:821} INFO - Searching for files in /opt/airflow/dags
[2026-05-31T04:47:29.228+0000] {manager.py:824} INFO - There are 0 files in /opt/airflow/dags
[2026-05-31T04:48:37.357+0000] {manager.py:465} INFO - Exiting gracefully upon receiving signal 15
[2026-05-31T04:49:16.002+0000] {manager.py:483} INFO - Processing files using up to 2 processes at a time 
[2026-05-31T04:49:16.003+0000] {manager.py:484} INFO - Process each file at most once every 30 seconds
[2026-05-31T04:49:16.003+0000] {manager.py:485} INFO - Checking for new files in /opt/airflow/dags every 300 seconds
[2026-05-31T04:49:16.004+0000] {manager.py:821} INFO - Searching for files in /opt/airflow/dags
[2026-05-31T04:49:16.006+0000] {manager.py:824} INFO - There are 0 files in /opt/airflow/dags
[2026-05-31T04:54:16.030+0000] {manager.py:821} INFO - Searching for files in /opt/airflow/dags
[2026-05-31T04:54:16.032+0000] {manager.py:824} INFO - There are 0 files in /opt/airflow/dags
[2026-05-31T04:59:17.014+0000] {manager.py:821} INFO - Searching for files in /opt/airflow/dags
[2026-05-31T04:59:17.016+0000] {manager.py:824} INFO - There are 0 files in /opt/airflow/dags
[2026-05-31T05:04:17.985+0000] {manager.py:821} INFO - Searching for files in /opt/airflow/dags
[2026-05-31T05:04:17.988+0000] {manager.py:824} INFO - There are 0 files in /opt/airflow/dags
[2026-05-31T05:09:13.311+0000] {manager.py:465} INFO - Exiting gracefully upon receiving signal 15
[2026-05-31T17:57:07.632+0000] {manager.py:483} INFO - Processing files using up to 2 processes at a time 
[2026-05-31T17:57:07.633+0000] {manager.py:484} INFO - Process each file at most once every 30 seconds
[2026-05-31T17:57:07.633+0000] {manager.py:485} INFO - Checking for new files in /opt/airflow/dags every 300 seconds
[2026-05-31T17:57:07.634+0000] {manager.py:821} INFO - Searching for files in /opt/airflow/dags
[2026-05-31T17:57:07.636+0000] {manager.py:824} INFO - There are 0 files in /opt/airflow/dags
[2026-05-31T18:02:07.643+0000] {manager.py:821} INFO - Searching for files in /opt/airflow/dags
[2026-05-31T18:02:07.647+0000] {manager.py:824} INFO - There are 0 files in /opt/airflow/dags
[2026-05-31T18:07:08.564+0000] {manager.py:821} INFO - Searching for files in /opt/airflow/dags
[2026-05-31T18:07:08.574+0000] {manager.py:824} INFO - There are 0 files in /opt/airflow/dags
[2026-05-31T18:12:09.512+0000] {manager.py:821} INFO - Searching for files in /opt/airflow/dags
[2026-05-31T18:12:09.515+0000] {manager.py:824} INFO - There are 0 files in /opt/airflow/dags
[2026-05-31T18:17:10.469+0000] {manager.py:821} INFO - Searching for files in /opt/airflow/dags
[2026-05-31T18:17:10.472+0000] {manager.py:824} INFO - There are 0 files in /opt/airflow/dags
[2026-05-31T18:22:11.430+0000] {manager.py:821} INFO - Searching for files in /opt/airflow/dags
